<?xml version="1.0" encoding="UTF-8"?>
<!-- Generated by org.testng.reporters.JUnitXMLReporter -->
<testsuite hostname="DESKTOP-VEFIC1K" ignored="0" name="Test" tests="13" failures="1" timestamp="20 Apr 2020 11:26:14 GMT" time="25.631" errors="0">
  <testcase name="login_existingUser" time="1.305" classname="Regression.regression_Login">
    <failure type="java.lang.AssertionError" message="expected [name1234] but found [Sahi]">
      <![CDATA[java.lang.AssertionError: expected [name1234] but found [Sahi]
at Regression.regression_Login.login_existingUser(regression_Login.java:36)
... Removed 31 stack frames]]>
    </failure>
  </testcase> <!-- login_existingUser -->
  <testcase name="onb_getUrl" time="2.284" classname="Regression.regression_onboarding_uniqlyYours"/>
  <testcase name="onb_verify_signInTitle" time="0.006" classname="Regression.regression_onboarding_uniqlyYours"/>
  <testcase name="onb_newUser_signUpforNumiClick" time="0.316" classname="Regression.regression_onboarding_uniqlyYours"/>
  <testcase name="onb_newUser_setUpAcctPage" time="0.352" classname="Regression.regression_onboarding_uniqlyYours"/>
  <testcase name="onb_newUser_acctDetailsPage" time="0.456" classname="Regression.regression_onboarding_uniqlyYours"/>
  <testcase name="onb_newUser_tellUsprofilePage" time="1.805" classname="Regression.regression_onboarding_uniqlyYours"/>
  <testcase name="onb_newUser_chooseNSPlanPage" time="1.053" classname="Regression.regression_onboarding_uniqlyYours"/>
  <testcase name="onb_newUser_chooseNsPlanListPage" time="0.142" classname="Regression.regression_onboarding_uniqlyYours"/>
  <testcase name="onb_newUser_firstWeekStagePage" time="1.109" classname="Regression.regression_onboarding_uniqlyYours"/>
  <testcase name="onb_newUser_stayOnTrackEMailNotifyPage" time="1.342" classname="Regression.regression_onboarding_uniqlyYours"/>
  <testcase name="onb_newUser_connectDevicePage" time="0.746" classname="Regression.regression_onboarding_uniqlyYours"/>
  <testcase name="onb_newUser_onboardingComplete" time="0.05" classname="Regression.regression_onboarding_uniqlyYours"/>
</testsuite> <!-- Test -->
