<?xml version="1.0" encoding="UTF-8"?>
<!-- Generated by org.testng.reporters.JUnitXMLReporter -->
<testsuite hostname="DESKTOP-VEFIC1K" ignored="0" name="Command line test" tests="3" failures="0" timestamp="2020-04-19T18:00:27 EDT" time="10.36" errors="0">
  <testcase name="getUrl" time="1.539" classname="ExistingUser.existgUser_signInPageTest"/>
  <testcase name="signInTitleTest" time="0.009" classname="ExistingUser.existgUser_signInPageTest"/>
  <testcase name="existinguserSignIn" time="1.839" classname="ExistingUser.existgUser_signInPageTest"/>
</testsuite> <!-- Command line test -->
